This is pdfTeX, Version 3.141592653-2.6-1.40.28 (TeX Live 2025) (preloaded format=latex 2025.8.21)  18 JAN 2026 22:10
entering extended mode
 restricted \write18 enabled.
 %&-line parsing enabled.
**elf-loading-diag.figure.tex
(./elf-loading-diag.figure.tex
LaTeX2e <2025-06-01> patch level 1
L3 programming layer <2025-08-13>
(/localtmp/cr4bd/texlive/2025/texmf-dist/tex/latex/standalone/standalone.cls
Document Class: standalone 2025/02/22 v1.5a Class to compile TeX sub-files stan
dalone
(/localtmp/cr4bd/texlive/2025/texmf-dist/tex/latex/tools/shellesc.sty
Package: shellesc 2023/07/08 v1.0d unified shell escape interface for LaTeX
Package shellesc Info: Restricted shell escape enabled on input line 77.
)
(/localtmp/cr4bd/texlive/2025/texmf-dist/tex/generic/iftex/ifluatex.sty
Package: ifluatex 2019/10/25 v1.5 ifluatex legacy package. Use iftex instead.

(/localtmp/cr4bd/texlive/2025/texmf-dist/tex/generic/iftex/iftex.sty
Package: iftex 2024/12/12 v1.0g TeX engine tests
))
(/localtmp/cr4bd/texlive/2025/texmf-dist/tex/latex/xkeyval/xkeyval.sty
Package: xkeyval 2022/06/16 v2.9 package option processing (HA)

(/localtmp/cr4bd/texlive/2025/texmf-dist/tex/generic/xkeyval/xkeyval.tex
(/localtmp/cr4bd/texlive/2025/texmf-dist/tex/generic/xkeyval/xkvutils.tex
\XKV@toks=\toks17
\XKV@tempa@toks=\toks18

(/localtmp/cr4bd/texlive/2025/texmf-dist/tex/generic/xkeyval/keyval.tex))
\XKV@depth=\count275
File: xkeyval.tex 2014/12/03 v2.7a key=value parser (HA)
))
\sa@internal=\count276
\c@sapage=\count277

(/localtmp/cr4bd/texlive/2025/texmf-dist/tex/latex/standalone/standalone.cfg
File: standalone.cfg 2025/02/22 v1.5a Default configuration file for 'standalon
e' class
)
(/localtmp/cr4bd/texlive/2025/texmf-dist/tex/latex/base/article.cls
Document Class: article 2025/01/22 v1.4n Standard LaTeX document class
(/localtmp/cr4bd/texlive/2025/texmf-dist/tex/latex/base/size10.clo
File: size10.clo 2025/01/22 v1.4n Standard LaTeX file (size option)
)
\c@part=\count278
\c@section=\count279
\c@subsection=\count280
\c@subsubsection=\count281
\c@paragraph=\count282
\c@subparagraph=\count283
\c@figure=\count284
\c@table=\count285
\abovecaptionskip=\skip49
\belowcaptionskip=\skip50
\bibindent=\dimen148
)
(/localtmp/cr4bd/texlive/2025/texmf-dist/tex/latex/pgf/frontendlayer/tikz.sty
(/localtmp/cr4bd/texlive/2025/texmf-dist/tex/latex/pgf/basiclayer/pgf.sty
(/localtmp/cr4bd/texlive/2025/texmf-dist/tex/latex/pgf/utilities/pgfrcs.sty
(/localtmp/cr4bd/texlive/2025/texmf-dist/tex/generic/pgf/utilities/pgfutil-comm
on.tex
\pgfutil@everybye=\toks19
\pgfutil@tempdima=\dimen149
\pgfutil@tempdimb=\dimen150
)
(/localtmp/cr4bd/texlive/2025/texmf-dist/tex/generic/pgf/utilities/pgfutil-late
x.def
\pgfutil@abb=\box53
)
(/localtmp/cr4bd/texlive/2025/texmf-dist/tex/generic/pgf/utilities/pgfrcs.code.
tex (/localtmp/cr4bd/texlive/2025/texmf-dist/tex/generic/pgf/pgf.revision.tex)
Package: pgfrcs 2025-08-14 v3.1.11 (3.1.11)
))
Package: pgf 2025-08-14 v3.1.11 (3.1.11)
 (/localtmp/cr4bd/texlive/2025/texmf-dist/tex/latex/pgf/basiclayer/pgfcore.sty 
(/localtmp/cr4bd/texlive/2025/texmf-dist/tex/latex/graphics/graphicx.sty
Package: graphicx 2024/12/31 v1.2e Enhanced LaTeX Graphics (DPC,SPQR)

(/localtmp/cr4bd/texlive/2025/texmf-dist/tex/latex/graphics/graphics.sty
Package: graphics 2024/08/06 v1.4g Standard LaTeX Graphics (DPC,SPQR)

(/localtmp/cr4bd/texlive/2025/texmf-dist/tex/latex/graphics/trig.sty
Package: trig 2023/12/02 v1.11 sin cos tan (DPC)
)
(/localtmp/cr4bd/texlive/2025/texmf-dist/tex/latex/graphics-cfg/graphics.cfg
File: graphics.cfg 2016/06/04 v1.11 sample graphics configuration
)
Package graphics Info: Driver file: dvips.def on input line 106.

(/localtmp/cr4bd/texlive/2025/texmf-dist/tex/latex/graphics-def/dvips.def
File: dvips.def 2022/09/22 v3.1e Graphics/color driver for dvips
))
\Gin@req@height=\dimen151
\Gin@req@width=\dimen152
)
(/localtmp/cr4bd/texlive/2025/texmf-dist/tex/latex/pgf/systemlayer/pgfsys.sty
(/localtmp/cr4bd/texlive/2025/texmf-dist/tex/generic/pgf/systemlayer/pgfsys.cod
e.tex
Package: pgfsys 2025-08-14 v3.1.11 (3.1.11)

(/localtmp/cr4bd/texlive/2025/texmf-dist/tex/generic/pgf/utilities/pgfkeys.code
.tex
\pgfkeys@pathtoks=\toks20
\pgfkeys@temptoks=\toks21

(/localtmp/cr4bd/texlive/2025/texmf-dist/tex/generic/pgf/utilities/pgfkeyslibra
ryfiltered.code.tex
\pgfkeys@tmptoks=\toks22
))
\pgf@x=\dimen153
\pgf@y=\dimen154
\pgf@xa=\dimen155
\pgf@ya=\dimen156
\pgf@xb=\dimen157
\pgf@yb=\dimen158
\pgf@xc=\dimen159
\pgf@yc=\dimen160
\pgf@xd=\dimen161
\pgf@yd=\dimen162
\w@pgf@writea=\write3
\r@pgf@reada=\read2
\c@pgf@counta=\count286
\c@pgf@countb=\count287
\c@pgf@countc=\count288
\c@pgf@countd=\count289
\t@pgf@toka=\toks23
\t@pgf@tokb=\toks24
\t@pgf@tokc=\toks25
\pgf@sys@id@count=\count290

(/localtmp/cr4bd/texlive/2025/texmf-dist/tex/generic/pgf/systemlayer/pgf.cfg
File: pgf.cfg 2025-08-14 v3.1.11 (3.1.11)
)
Driver file for pgf: pgfsys-dvips.def

(/localtmp/cr4bd/texlive/2025/texmf-dist/tex/generic/pgf/systemlayer/pgfsys-dvi
ps.def
File: pgfsys-dvips.def 2025-08-14 v3.1.11 (3.1.11)

(/localtmp/cr4bd/texlive/2025/texmf-dist/tex/generic/pgf/systemlayer/pgfsys-com
mon-postscript.def
File: pgfsys-common-postscript.def 2025-08-14 v3.1.11 (3.1.11)
\pgf@objectcount=\count291
)))
(/localtmp/cr4bd/texlive/2025/texmf-dist/tex/generic/pgf/systemlayer/pgfsyssoft
path.code.tex
File: pgfsyssoftpath.code.tex 2025-08-14 v3.1.11 (3.1.11)
\pgfsyssoftpath@smallbuffer@items=\count292
\pgfsyssoftpath@bigbuffer@items=\count293
)
(/localtmp/cr4bd/texlive/2025/texmf-dist/tex/generic/pgf/systemlayer/pgfsysprot
ocol.code.tex
File: pgfsysprotocol.code.tex 2025-08-14 v3.1.11 (3.1.11)
))
(/localtmp/cr4bd/texlive/2025/texmf-dist/tex/latex/xcolor/xcolor.sty
Package: xcolor 2024/09/29 v3.02 LaTeX color extensions (UK)

(/localtmp/cr4bd/texlive/2025/texmf-dist/tex/latex/graphics-cfg/color.cfg
File: color.cfg 2016/01/02 v1.6 sample color configuration
)
Package xcolor Info: Driver file: dvips.def on input line 274.

(/localtmp/cr4bd/texlive/2025/texmf-dist/tex/latex/graphics/mathcolor.ltx)
Package xcolor Info: Model `cmy' substituted by `cmy0' on input line 1349.
Package xcolor Info: Model `RGB' extended on input line 1365.
Package xcolor Info: Model `HTML' substituted by `rgb' on input line 1367.
Package xcolor Info: Model `Hsb' substituted by `hsb' on input line 1368.
Package xcolor Info: Model `tHsb' substituted by `hsb' on input line 1369.
Package xcolor Info: Model `HSB' substituted by `hsb' on input line 1370.
Package xcolor Info: Model `Gray' substituted by `gray' on input line 1371.
Package xcolor Info: Model `wave' substituted by `hsb' on input line 1372.
)
(/localtmp/cr4bd/texlive/2025/texmf-dist/tex/generic/pgf/basiclayer/pgfcore.cod
e.tex
Package: pgfcore 2025-08-14 v3.1.11 (3.1.11)

(/localtmp/cr4bd/texlive/2025/texmf-dist/tex/generic/pgf/math/pgfmath.code.tex
(/localtmp/cr4bd/texlive/2025/texmf-dist/tex/generic/pgf/math/pgfmathutil.code.
tex)
(/localtmp/cr4bd/texlive/2025/texmf-dist/tex/generic/pgf/math/pgfmathparser.cod
e.tex
\pgfmath@dimen=\dimen163
\pgfmath@count=\count294
\pgfmath@box=\box54
\pgfmath@toks=\toks26
\pgfmath@stack@operand=\toks27
\pgfmath@stack@operation=\toks28
)
(/localtmp/cr4bd/texlive/2025/texmf-dist/tex/generic/pgf/math/pgfmathfunctions.
code.tex)
(/localtmp/cr4bd/texlive/2025/texmf-dist/tex/generic/pgf/math/pgfmathfunctions.
basic.code.tex)
(/localtmp/cr4bd/texlive/2025/texmf-dist/tex/generic/pgf/math/pgfmathfunctions.
trigonometric.code.tex)
(/localtmp/cr4bd/texlive/2025/texmf-dist/tex/generic/pgf/math/pgfmathfunctions.
random.code.tex)
(/localtmp/cr4bd/texlive/2025/texmf-dist/tex/generic/pgf/math/pgfmathfunctions.
comparison.code.tex)
(/localtmp/cr4bd/texlive/2025/texmf-dist/tex/generic/pgf/math/pgfmathfunctions.
base.code.tex)
(/localtmp/cr4bd/texlive/2025/texmf-dist/tex/generic/pgf/math/pgfmathfunctions.
round.code.tex)
(/localtmp/cr4bd/texlive/2025/texmf-dist/tex/generic/pgf/math/pgfmathfunctions.
misc.code.tex)
(/localtmp/cr4bd/texlive/2025/texmf-dist/tex/generic/pgf/math/pgfmathfunctions.
integerarithmetics.code.tex)
(/localtmp/cr4bd/texlive/2025/texmf-dist/tex/generic/pgf/math/pgfmathcalc.code.
tex)
(/localtmp/cr4bd/texlive/2025/texmf-dist/tex/generic/pgf/math/pgfmathfloat.code
.tex
\c@pgfmathroundto@lastzeros=\count295
))
(/localtmp/cr4bd/texlive/2025/texmf-dist/tex/generic/pgf/math/pgfint.code.tex)
(/localtmp/cr4bd/texlive/2025/texmf-dist/tex/generic/pgf/basiclayer/pgfcorepoin
ts.code.tex
File: pgfcorepoints.code.tex 2025-08-14 v3.1.11 (3.1.11)
\pgf@picminx=\dimen164
\pgf@picmaxx=\dimen165
\pgf@picminy=\dimen166
\pgf@picmaxy=\dimen167
\pgf@pathminx=\dimen168
\pgf@pathmaxx=\dimen169
\pgf@pathminy=\dimen170
\pgf@pathmaxy=\dimen171
\pgf@xx=\dimen172
\pgf@xy=\dimen173
\pgf@yx=\dimen174
\pgf@yy=\dimen175
\pgf@zx=\dimen176
\pgf@zy=\dimen177
)
(/localtmp/cr4bd/texlive/2025/texmf-dist/tex/generic/pgf/basiclayer/pgfcorepath
construct.code.tex
File: pgfcorepathconstruct.code.tex 2025-08-14 v3.1.11 (3.1.11)
\pgf@path@lastx=\dimen178
\pgf@path@lasty=\dimen179
)
(/localtmp/cr4bd/texlive/2025/texmf-dist/tex/generic/pgf/basiclayer/pgfcorepath
usage.code.tex
File: pgfcorepathusage.code.tex 2025-08-14 v3.1.11 (3.1.11)
\pgf@shorten@end@additional=\dimen180
\pgf@shorten@start@additional=\dimen181
)
(/localtmp/cr4bd/texlive/2025/texmf-dist/tex/generic/pgf/basiclayer/pgfcorescop
es.code.tex
File: pgfcorescopes.code.tex 2025-08-14 v3.1.11 (3.1.11)
\pgfpic=\box55
\pgf@hbox=\box56
\pgf@layerbox@main=\box57
\pgf@picture@serial@count=\count296
)
(/localtmp/cr4bd/texlive/2025/texmf-dist/tex/generic/pgf/basiclayer/pgfcoregrap
hicstate.code.tex
File: pgfcoregraphicstate.code.tex 2025-08-14 v3.1.11 (3.1.11)
\pgflinewidth=\dimen182
)
(/localtmp/cr4bd/texlive/2025/texmf-dist/tex/generic/pgf/basiclayer/pgfcoretran
sformations.code.tex
File: pgfcoretransformations.code.tex 2025-08-14 v3.1.11 (3.1.11)
\pgf@pt@x=\dimen183
\pgf@pt@y=\dimen184
\pgf@pt@temp=\dimen185
)
(/localtmp/cr4bd/texlive/2025/texmf-dist/tex/generic/pgf/basiclayer/pgfcorequic
k.code.tex
File: pgfcorequick.code.tex 2025-08-14 v3.1.11 (3.1.11)
)
(/localtmp/cr4bd/texlive/2025/texmf-dist/tex/generic/pgf/basiclayer/pgfcoreobje
cts.code.tex
File: pgfcoreobjects.code.tex 2025-08-14 v3.1.11 (3.1.11)
)
(/localtmp/cr4bd/texlive/2025/texmf-dist/tex/generic/pgf/basiclayer/pgfcorepath
processing.code.tex
File: pgfcorepathprocessing.code.tex 2025-08-14 v3.1.11 (3.1.11)
)
(/localtmp/cr4bd/texlive/2025/texmf-dist/tex/generic/pgf/basiclayer/pgfcorearro
ws.code.tex
File: pgfcorearrows.code.tex 2025-08-14 v3.1.11 (3.1.11)
\pgfarrowsep=\dimen186
)
(/localtmp/cr4bd/texlive/2025/texmf-dist/tex/generic/pgf/basiclayer/pgfcoreshad
e.code.tex
File: pgfcoreshade.code.tex 2025-08-14 v3.1.11 (3.1.11)
\pgf@max=\dimen187
\pgf@sys@shading@range@num=\count297
\pgf@shadingcount=\count298
)
(/localtmp/cr4bd/texlive/2025/texmf-dist/tex/generic/pgf/basiclayer/pgfcoreimag
e.code.tex
File: pgfcoreimage.code.tex 2025-08-14 v3.1.11 (3.1.11)
)
(/localtmp/cr4bd/texlive/2025/texmf-dist/tex/generic/pgf/basiclayer/pgfcoreexte
rnal.code.tex
File: pgfcoreexternal.code.tex 2025-08-14 v3.1.11 (3.1.11)
\pgfexternal@startupbox=\box58
)
(/localtmp/cr4bd/texlive/2025/texmf-dist/tex/generic/pgf/basiclayer/pgfcorelaye
rs.code.tex
File: pgfcorelayers.code.tex 2025-08-14 v3.1.11 (3.1.11)
)
(/localtmp/cr4bd/texlive/2025/texmf-dist/tex/generic/pgf/basiclayer/pgfcoretran
sparency.code.tex
File: pgfcoretransparency.code.tex 2025-08-14 v3.1.11 (3.1.11)
)
(/localtmp/cr4bd/texlive/2025/texmf-dist/tex/generic/pgf/basiclayer/pgfcorepatt
erns.code.tex
File: pgfcorepatterns.code.tex 2025-08-14 v3.1.11 (3.1.11)
)
(/localtmp/cr4bd/texlive/2025/texmf-dist/tex/generic/pgf/basiclayer/pgfcorerdf.
code.tex
File: pgfcorerdf.code.tex 2025-08-14 v3.1.11 (3.1.11)
)))
(/localtmp/cr4bd/texlive/2025/texmf-dist/tex/generic/pgf/modules/pgfmoduleshape
s.code.tex
File: pgfmoduleshapes.code.tex 2025-08-14 v3.1.11 (3.1.11)
\pgfnodeparttextbox=\box59
)
(/localtmp/cr4bd/texlive/2025/texmf-dist/tex/generic/pgf/modules/pgfmoduleplot.
code.tex
File: pgfmoduleplot.code.tex 2025-08-14 v3.1.11 (3.1.11)
)
(/localtmp/cr4bd/texlive/2025/texmf-dist/tex/latex/pgf/compatibility/pgfcomp-ve
rsion-0-65.sty
Package: pgfcomp-version-0-65 2025-08-14 v3.1.11 (3.1.11)
\pgf@nodesepstart=\dimen188
\pgf@nodesepend=\dimen189
)
(/localtmp/cr4bd/texlive/2025/texmf-dist/tex/latex/pgf/compatibility/pgfcomp-ve
rsion-1-18.sty
Package: pgfcomp-version-1-18 2025-08-14 v3.1.11 (3.1.11)
))
(/localtmp/cr4bd/texlive/2025/texmf-dist/tex/latex/pgf/utilities/pgffor.sty
(/localtmp/cr4bd/texlive/2025/texmf-dist/tex/latex/pgf/utilities/pgfkeys.sty
(/localtmp/cr4bd/texlive/2025/texmf-dist/tex/generic/pgf/utilities/pgfkeys.code
.tex)) (/localtmp/cr4bd/texlive/2025/texmf-dist/tex/latex/pgf/math/pgfmath.sty
(/localtmp/cr4bd/texlive/2025/texmf-dist/tex/generic/pgf/math/pgfmath.code.tex)
)
(/localtmp/cr4bd/texlive/2025/texmf-dist/tex/generic/pgf/utilities/pgffor.code.
tex
Package: pgffor 2025-08-14 v3.1.11 (3.1.11)
\pgffor@iter=\dimen190
\pgffor@skip=\dimen191
\pgffor@stack=\toks29
\pgffor@toks=\toks30
))
(/localtmp/cr4bd/texlive/2025/texmf-dist/tex/generic/pgf/frontendlayer/tikz/tik
z.code.tex
Package: tikz 2025-08-14 v3.1.11 (3.1.11)

(/localtmp/cr4bd/texlive/2025/texmf-dist/tex/generic/pgf/libraries/pgflibrarypl
othandlers.code.tex
File: pgflibraryplothandlers.code.tex 2025-08-14 v3.1.11 (3.1.11)
\pgf@plot@mark@count=\count299
\pgfplotmarksize=\dimen192
)
\tikz@lastx=\dimen193
\tikz@lasty=\dimen194
\tikz@lastxsaved=\dimen195
\tikz@lastysaved=\dimen196
\tikz@lastmovetox=\dimen197
\tikz@lastmovetoy=\dimen198
\tikzleveldistance=\dimen199
\tikzsiblingdistance=\dimen256
\tikz@figbox=\box60
\tikz@figbox@bg=\box61
\tikz@tempbox=\box62
\tikz@tempbox@bg=\box63
\tikztreelevel=\count300
\tikznumberofchildren=\count301
\tikznumberofcurrentchild=\count302
\tikz@fig@count=\count303

(/localtmp/cr4bd/texlive/2025/texmf-dist/tex/generic/pgf/modules/pgfmodulematri
x.code.tex
File: pgfmodulematrix.code.tex 2025-08-14 v3.1.11 (3.1.11)
\pgfmatrixcurrentrow=\count304
\pgfmatrixcurrentcolumn=\count305
\pgf@matrix@numberofcolumns=\count306
)
\tikz@expandcount=\count307

(/localtmp/cr4bd/texlive/2025/texmf-dist/tex/generic/pgf/frontendlayer/tikz/lib
raries/tikzlibrarytopaths.code.tex
File: tikzlibrarytopaths.code.tex 2025-08-14 v3.1.11 (3.1.11)
)))
\sa@box=\box64
\sa@yoffset=\skip51
)

! LaTeX Error: File `common/tikzBase.tex' not found.

Type X to quit or <RETURN> to proceed,
or enter new name. (Default extension: tex)

Enter file name: X

! Emergency stop.
<read *> 
         
l.2 \input{common/tikzBase}
                           
*** (cannot \read from terminal in nonstop modes)

 
Here is how much of TeX's memory you used:
 11698 strings out of 467801
 247042 string characters out of 5429303
 627703 words of memory out of 5000000
 40173 multiletter control sequences out of 15000+600000
 626825 words of font info for 40 fonts, out of 8000000 for 9000
 1141 hyphenation exceptions out of 8191
 117i,0n,121p,431b,89s stack positions out of 10000i,1000n,20000p,200000b,200000s
No pages of output.
